[2026-06-24 05:59:28] ============================================================
[2026-06-24 05:59:28] 🚀 模拟炒股系统启动（全自动模式）
[2026-06-24 05:59:28] ============================================================
[2026-06-24 05:59:28] 📊 跟踪标的：['159558', '560390', '515050', '513130', '605117', '688019', '600460']
[2026-06-24 05:59:28] 🔄 正在获取实时价格...
[2026-06-24 05:59:29] 📊 最新价格：{'159558': None, '560390': None, '515050': None, '513130': None, '605117': None, '688019': None, '600460': None}
[2026-06-24 05:59:29] 🔍 检查买入信号...
[2026-06-24 05:59:29] 👉 无买入信号
[2026-06-24 05:59:29] 🔍 检查卖出信号...
[2026-06-24 05:59:29] 👉 无卖出信号
[2026-06-24 05:59:29] ✅ 无交易执行
[2026-06-24 05:59:29] 💾 持仓已保存，总市值：106997.00
[2026-06-24 05:59:29] 📄 HTML报告已生成：/workspace/stock_sim/report.html
[2026-06-24 05:59:29] ============================================================
[2026-06-24 05:59:29] ✅ 执行完成
[2026-06-24 05:59:29] ============================================================
[2026-06-24 06:00:35] ============================================================
[2026-06-24 06:00:35] 🚀 模拟炒股系统启动（全自动模式 v2）
[2026-06-24 06:00:35] ============================================================
[2026-06-24 06:00:35] 📊 初始总资产记录：106997.00 元
[2026-06-24 06:00:35] 📊 跟踪标的：['159558', '560390', '515050', '513130', '605117', '688019', '600460']
[2026-06-24 06:00:35] 🔄 正在获取实时价格...
[2026-06-24 06:00:35]   📈 159558 净值：3.6763
[2026-06-24 06:00:35]   📈 560390 净值：1.1214
[2026-06-24 06:00:36]   📈 515050 净值：1.3416
[2026-06-24 06:00:36]   📈 513130 净值：0.5554
[2026-06-24 06:00:36]   📈 605117 股价：101.44
[2026-06-24 06:00:37]   📈 688019 股价：246.1
[2026-06-24 06:00:37]   📈 600460 股价：47.04
[2026-06-24 06:00:37] 📊 获取到 7 个标的价格
[2026-06-24 06:00:37] 🔍 检查买入信号...
[2026-06-24 06:00:37] 👉 无买入信号
[2026-06-24 06:00:37] 🔍 检查卖出信号...
[2026-06-24 06:00:37] 👉 无卖出信号
[2026-06-24 06:00:37] ✅ 无交易执行，市场观望中
[2026-06-24 06:00:37] 💾 持仓已保存，总市值：110945.60 元
[2026-06-24 06:00:37] 📄 HTML报告已生成：/workspace/stock_sim/report.html
[2026-06-24 06:00:37] ============================================================
[2026-06-24 06:00:37] ✅ 执行完成
[2026-06-24 06:00:37] ============================================================
[2026-06-24 06:01:08] ============================================================
[2026-06-24 06:01:08] 🚀 模拟炒股系统启动（全自动模式 v2）
[2026-06-24 06:01:08] ============================================================
[2026-06-24 06:01:08] 📊 初始总资产记录：106997.00 元
[2026-06-24 06:01:08] 📊 跟踪标的：['159558', '560390', '515050', '513130', '605117', '688019', '600460']
[2026-06-24 06:01:08] 🔄 正在获取实时价格...
[2026-06-24 06:01:08]   📈 159558 净值：3.6763
[2026-06-24 06:01:09]   📈 560390 净值：1.1214
[2026-06-24 06:01:09]   📈 515050 净值：1.3416
[2026-06-24 06:01:10]   📈 513130 净值：0.5554
[2026-06-24 06:01:10]   📈 605117 股价：101.44
[2026-06-24 06:01:10]   📈 688019 股价：246.1
[2026-06-24 06:01:11]   📈 600460 股价：47.04
[2026-06-24 06:01:11] 📊 获取到 7 个标的价格
[2026-06-24 06:01:11] 🔍 检查买入信号...
[2026-06-24 06:01:11] 👉 无买入信号
[2026-06-24 06:01:11] 🔍 检查卖出信号...
[2026-06-24 06:01:11] 👉 无卖出信号
[2026-06-24 06:01:11] ✅ 无交易执行，市场观望中
[2026-06-24 06:01:11] 💾 持仓已保存，总市值：110945.60 元
[2026-06-24 06:01:11] 📄 HTML报告已生成：/workspace/stock_sim/report.html
[2026-06-24 06:01:11] ============================================================
[2026-06-24 06:01:11] ✅ 执行完成
[2026-06-24 06:01:11] ============================================================
[2026-06-24 06:03:29] ============================================================
[2026-06-24 06:03:29] 🚀 模拟炒股系统启动（全自动模式 v2）
[2026-06-24 06:03:29] ============================================================
[2026-06-24 06:03:29] 📊 初始总资产记录：106997.00 元
[2026-06-24 06:03:29] 📊 跟踪标的：['159558', '560390', '515050', '513130', '605117', '688019', '600460']
[2026-06-24 06:03:29] 🔄 正在获取实时价格...
[2026-06-24 06:03:29]   📈 159558 净值：3.6763
[2026-06-24 06:03:30]   📈 560390 净值：1.1214
[2026-06-24 06:03:30]   📈 515050 净值：1.3416
[2026-06-24 06:03:30]   📈 513130 净值：0.5554
[2026-06-24 06:03:31]   📈 605117 股价：101.44
[2026-06-24 06:03:31]   📈 688019 股价：246.1
[2026-06-24 06:03:32]   📈 600460 股价：47.04
[2026-06-24 06:03:32] 📊 获取到 7 个标的价格
[2026-06-24 06:03:32] 🔍 检查买入信号...
[2026-06-24 06:03:32] 👉 无买入信号
[2026-06-24 06:03:32] 🔍 检查卖出信号...
[2026-06-24 06:03:32] 👉 无卖出信号
[2026-06-24 06:03:32] ✅ 无交易执行，市场观望中
[2026-06-24 06:03:32] 💾 持仓已保存，总市值：110945.60 元
[2026-06-24 06:03:32] 📄 HTML报告已生成：/workspace/stock_sim/report.html
[2026-06-24 06:03:32] ============================================================
[2026-06-24 06:03:32] ✅ 执行完成
[2026-06-24 06:03:32] ============================================================
[2026-06-24 06:05:03] ============================================================
[2026-06-24 06:05:03] 🚀 模拟炒股系统启动（全自动模式 v2）
[2026-06-24 06:05:03] ============================================================
[2026-06-24 06:05:03] 📊 初始总资产记录：106992.50 元
[2026-06-24 06:05:03] 📊 跟踪标的：['159558', '560390', '515050', '513130', '605117', '688019', '600460']
[2026-06-24 06:05:03] 🔄 正在获取实时价格...
[2026-06-24 06:05:03]   📈 159558 净值：3.6763
[2026-06-24 06:05:03]   📈 560390 净值：1.1214
[2026-06-24 06:05:04]   📈 515050 净值：1.3416
[2026-06-24 06:05:04]   📈 513130 净值：0.5554
[2026-06-24 06:05:04]   📈 605117 股价：101.44
[2026-06-24 06:05:05]   📈 688019 股价：246.1
[2026-06-24 06:05:05]   📈 600460 股价：47.04
[2026-06-24 06:05:05] 📊 获取到 7 个标的价格
[2026-06-24 06:05:05] 🔍 检查买入信号...
[2026-06-24 06:05:05] 👉 无买入信号
[2026-06-24 06:05:05] 🔍 检查卖出信号...
[2026-06-24 06:05:05] 👉 无卖出信号
[2026-06-24 06:05:05] ✅ 无交易执行，市场观望中
[2026-06-24 06:05:05] 💾 持仓已保存，总市值：110941.10 元
[2026-06-24 06:05:05] 📄 HTML报告已生成：/workspace/stock_sim/report.html
[2026-06-24 06:05:05] ============================================================
[2026-06-24 06:05:05] ✅ 执行完成
[2026-06-24 06:05:05] ============================================================
[2026-06-24 06:07:28] ============================================================
[2026-06-24 06:07:28] 🚀 模拟炒股系统启动（全自动模式 v2）
[2026-06-24 06:07:28] ============================================================
[2026-06-24 06:07:28] 📊 初始总资产记录：106992.50 元
[2026-06-24 06:07:28] 📊 跟踪标的：['159558', '560390', '515050', '513130', '605117', '159915', '518880']
[2026-06-24 06:07:28] 🔄 正在获取实时价格...
[2026-06-24 06:07:28]   📈 159558 净值：3.6763
[2026-06-24 06:07:28]   📈 560390 净值：1.1214
[2026-06-24 06:07:29]   📈 515050 净值：1.3416
[2026-06-24 06:07:29]   📈 513130 净值：0.5554
[2026-06-24 06:07:29]   📈 605117 股价：101.44
[2026-06-24 06:07:30]   📈 159915 净值：4.2057
[2026-06-24 06:07:30]   📈 518880 净值：8.6025
[2026-06-24 06:07:30] 📊 获取到 7 个标的价格
[2026-06-24 06:07:30] 🔍 检查买入信号...
[2026-06-24 06:07:40] ============================================================
[2026-06-24 06:07:40] 🚀 模拟炒股系统启动（全自动模式 v2）
[2026-06-24 06:07:40] ============================================================
[2026-06-24 06:07:40] 📊 初始总资产记录：106992.50 元
[2026-06-24 06:07:40] 📊 跟踪标的：['159558', '560390', '515050', '513130', '605117', '159915', '518880']
[2026-06-24 06:07:40] 🔄 正在获取实时价格...
[2026-06-24 06:07:40]   📈 159558 净值：3.6763
[2026-06-24 06:07:41]   📈 560390 净值：1.1214
[2026-06-24 06:07:41]   📈 515050 净值：1.3416
[2026-06-24 06:07:41]   📈 513130 净值：0.5554
[2026-06-24 06:07:42]   📈 605117 股价：101.44
[2026-06-24 06:07:42]   📈 159915 净值：4.2057
[2026-06-24 06:07:43]   📈 518880 净值：8.6025
[2026-06-24 06:07:43] 📊 获取到 7 个标的价格
[2026-06-24 06:07:43] 🔍 检查买入信号...
[2026-06-24 06:07:43] 📈 发现 1 个买入信号
[2026-06-24 06:07:43] 🔍 检查卖出信号...
[2026-06-24 06:07:43] 👉 无卖出信号
[2026-06-24 06:07:43] ⚡ 执行 1 笔交易...
[2026-06-24 06:07:43] ✅ 买入 518880 黄金ETF华夏：600股 @ 8.6025，金额5161.50｜回踩买入：价格8.6025（触发价11.5）
[2026-06-24 06:07:43] 💾 持仓已保存，总市值：110939.55 元
[2026-06-24 06:07:43] 📄 HTML报告已生成：/workspace/stock_sim/report.html
[2026-06-24 06:07:43] ============================================================
[2026-06-24 06:07:43] ✅ 执行完成
[2026-06-24 06:07:43] ============================================================
[2026-06-24 06:07:57] ============================================================
[2026-06-24 06:07:57] 🚀 模拟炒股系统启动（全自动模式 v2）
[2026-06-24 06:07:57] ============================================================
[2026-06-24 06:07:57] 📊 初始总资产记录：106992.50 元
[2026-06-24 06:07:57] 📊 跟踪标的：['159558', '560390', '515050', '513130', '605117', '159915', '518880']
[2026-06-24 06:07:57] 🔄 正在获取实时价格...
[2026-06-24 06:07:58]   📈 159558 净值：3.6763
[2026-06-24 06:07:58]   📈 560390 净值：1.1214
[2026-06-24 06:07:58]   📈 515050 净值：1.3416
[2026-06-24 06:07:59]   📈 513130 净值：0.5554
[2026-06-24 06:07:59]   📈 605117 股价：101.44
[2026-06-24 06:07:59]   📈 159915 净值：4.2057
[2026-06-24 06:08:00]   📈 518880 净值：8.6025
[2026-06-24 06:08:00] 📊 获取到 7 个标的价格
[2026-06-24 06:08:00] 🔍 检查买入信号...
[2026-06-24 06:08:00] 📈 发现 1 个买入信号
[2026-06-24 06:08:00] 🔍 检查卖出信号...
[2026-06-24 06:08:00] 👉 无卖出信号
[2026-06-24 06:08:00] ⚡ 执行 1 笔交易...
[2026-06-24 06:08:00] ✅ 买入 518880 黄金ETF华夏：600股 @ 8.6025，金额5161.50｜追涨买入：价格8.6025（触发价8.5）
[2026-06-24 06:08:00] 💾 持仓已保存，总市值：110939.55 元
[2026-06-24 06:08:00] 📄 HTML报告已生成：/workspace/stock_sim/report.html
[2026-06-24 06:08:00] ============================================================
[2026-06-24 06:08:00] ✅ 执行完成
[2026-06-24 06:08:00] ============================================================
[2026-06-24 06:08:28] ============================================================
[2026-06-24 06:08:28] 🚀 模拟炒股系统启动（全自动模式 v2）
[2026-06-24 06:08:28] ============================================================
[2026-06-24 06:08:28] 📊 初始总资产记录：106990.95 元
[2026-06-24 06:08:28] 📊 跟踪标的：['159558', '560390', '515050', '513130', '605117', '159915', '518880']
[2026-06-24 06:08:28] 🔄 正在获取实时价格...
[2026-06-24 06:08:28]   📈 159558 净值：3.6763
[2026-06-24 06:08:28]   📈 560390 净值：1.1214
[2026-06-24 06:08:29]   📈 515050 净值：1.3416
[2026-06-24 06:08:29]   📈 513130 净值：0.5554
[2026-06-24 06:08:29]   📈 605117 股价：101.44
[2026-06-24 06:08:30]   📈 159915 净值：4.2057
[2026-06-24 06:08:30]   📈 518880 净值：8.6025
[2026-06-24 06:08:30] 📊 获取到 7 个标的价格
[2026-06-24 06:08:30] 🔍 检查买入信号...
[2026-06-24 06:08:30] 👉 无买入信号
[2026-06-24 06:08:30] 🔍 检查卖出信号...
[2026-06-24 06:08:30] 📉 发现 1 个卖出信号
[2026-06-24 06:08:30] ⚡ 执行 1 笔交易...
[2026-06-24 06:08:30] ✅ 卖出 518880 黄金ETF华夏：600股 @ 8.6025，金额5161.50｜⚠️ 止损！价格8.6025触及止损价10.5（成本8.6025）
[2026-06-24 06:08:30] 💾 持仓已保存，总市值：110932.84 元
[2026-06-24 06:08:30] 📄 HTML报告已生成：/workspace/stock_sim/report.html
[2026-06-24 06:08:30] ============================================================
[2026-06-24 06:08:30] ✅ 执行完成
[2026-06-24 06:08:30] ============================================================
[2026-06-24 06:08:44] ============================================================
[2026-06-24 06:08:44] 🚀 模拟炒股系统启动（全自动模式 v2）
[2026-06-24 06:08:44] ============================================================
[2026-06-24 06:08:44] 📊 初始总资产记录：106984.24 元
[2026-06-24 06:08:44] 📊 跟踪标的：['159558', '560390', '515050', '513130', '605117', '159915', '518880']
[2026-06-24 06:08:44] 🔄 正在获取实时价格...
[2026-06-24 06:08:44]   📈 159558 净值：3.6763
[2026-06-24 06:08:45]   📈 560390 净值：1.1214
[2026-06-24 06:08:45]   📈 515050 净值：1.3416
[2026-06-24 06:08:45]   📈 513130 净值：0.5554
[2026-06-24 06:08:46]   📈 605117 股价：101.44
[2026-06-24 06:08:46]   📈 159915 净值：4.2057
[2026-06-24 06:08:47]   📈 518880 净值：8.6025
[2026-06-24 06:08:47] 📊 获取到 7 个标的价格
[2026-06-24 06:08:47] 🔍 检查买入信号...
[2026-06-24 06:08:47] 👉 无买入信号
[2026-06-24 06:08:47] 🔍 检查卖出信号...
[2026-06-24 06:08:47] 👉 无卖出信号
[2026-06-24 06:08:47] ✅ 无交易执行，市场观望中
[2026-06-24 06:08:47] 💾 持仓已保存，总市值：110932.84 元
[2026-06-24 06:08:47] 📄 HTML报告已生成：/workspace/stock_sim/report.html
[2026-06-24 06:08:47] ============================================================
[2026-06-24 06:08:47] ✅ 执行完成
[2026-06-24 06:08:47] ============================================================
[2026-06-24 06:10:13] ============================================================
[2026-06-24 06:10:13] 🚀 模拟炒股系统启动（全自动模式 v2）
[2026-06-24 06:10:13] ============================================================
[2026-06-24 06:10:13] 📊 初始总资产记录：106984.24 元
[2026-06-24 06:10:13] 📊 跟踪标的：['159558', '560390', '515050', '513130', '605117', '159915', '518880']
[2026-06-24 06:10:13] 🔄 正在获取实时价格...
[2026-06-24 06:10:13]   📈 159558 净值：3.6763
[2026-06-24 06:10:13]   📈 560390 净值：1.1214
[2026-06-24 06:10:13]   📈 515050 净值：1.3416
[2026-06-24 06:10:14]   📈 513130 净值：0.5554
[2026-06-24 06:10:14]   📈 605117 股价：101.44
[2026-06-24 06:10:15]   📈 159915 净值：4.2057
[2026-06-24 06:10:15]   📈 518880 净值：8.6025
[2026-06-24 06:10:15] 📊 获取到 7 个标的价格
[2026-06-24 06:10:15] 🔍 检查买入信号...
[2026-06-24 06:10:15] 👉 无买入信号
[2026-06-24 06:10:15] 🔍 检查卖出信号...
[2026-06-24 06:10:15] 👉 无卖出信号
[2026-06-24 06:10:15] ✅ 无交易执行，市场观望中
[2026-06-24 06:10:15] 💾 持仓已保存，总市值：110932.84 元
[2026-06-24 06:10:15] 📄 HTML报告已生成：/workspace/stock_sim/report.html
[2026-06-24 06:10:15] ============================================================
[2026-06-24 06:10:15] ✅ 执行完成
[2026-06-24 06:10:15] ============================================================
[2026-06-24 06:10:27] ============================================================
[2026-06-24 06:10:27] 🚀 模拟炒股系统启动（全自动模式 v2）
[2026-06-24 06:10:27] ============================================================
[2026-06-24 06:10:27] 📊 初始总资产记录：106984.24 元
[2026-06-24 06:10:27] 📊 跟踪标的：['159558', '560390', '515050', '513130', '605117', '159915', '518880']
[2026-06-24 06:10:27] 🔄 正在获取实时价格...
[2026-06-24 06:10:27]   📈 159558 净值：3.6763
[2026-06-24 06:10:28]   📈 560390 净值：1.1214
[2026-06-24 06:10:28]   📈 515050 净值：1.3416
[2026-06-24 06:10:28]   📈 513130 净值：0.5554
[2026-06-24 06:10:29]   📈 605117 股价：101.44
[2026-06-24 06:10:29]   📈 159915 净值：4.2057
[2026-06-24 06:10:29]   📈 518880 净值：8.6025
[2026-06-24 06:10:30] 📊 获取到 7 个标的价格
[2026-06-24 06:10:30] 🔍 检查买入信号...
[2026-06-24 06:10:30] 👉 无买入信号
[2026-06-24 06:10:30] 🔍 检查卖出信号...
[2026-06-24 06:10:30] 👉 无卖出信号
[2026-06-24 06:10:30] ✅ 无交易执行，市场观望中
[2026-06-24 06:10:30] 💾 持仓已保存，总市值：110932.84 元
[2026-06-24 06:10:30] 📄 HTML报告已生成：/workspace/stock_sim/report.html
[2026-06-24 06:10:30] ============================================================
[2026-06-24 06:10:30] ✅ 执行完成
[2026-06-24 06:10:30] ============================================================
[2026-06-24 06:11:38] ============================================================
[2026-06-24 06:11:38] 🚀 模拟炒股系统启动（全自动模式 v2）
[2026-06-24 06:11:38] ============================================================
[2026-06-24 06:11:38] 📊 初始总资产记录：106984.24 元
[2026-06-24 06:11:38] 📊 跟踪标的：['159558', '560390', '515050', '513130', '605117', '159915', '518880']
[2026-06-24 06:11:38] 🔄 正在获取实时价格...
[2026-06-24 06:11:38]   📈 159558 净值：3.6763
[2026-06-24 06:11:38]   📈 560390 净值：1.1214
[2026-06-24 06:11:39]   📈 515050 净值：1.3416
[2026-06-24 06:11:39]   📈 513130 净值：0.5554
[2026-06-24 06:11:40]   📈 605117 股价：101.44
[2026-06-24 06:11:40]   📈 159915 净值：4.2057
[2026-06-24 06:11:40]   📈 518880 净值：8.6025
[2026-06-24 06:11:41] 📊 获取到 7 个标的价格
[2026-06-24 06:11:41] 🔍 检查买入信号...
[2026-06-24 06:11:41] 👉 无买入信号
[2026-06-24 06:11:41] 🔍 检查卖出信号...
[2026-06-24 06:11:41] 👉 无卖出信号
[2026-06-24 06:11:41] ✅ 无交易执行，市场观望中
[2026-06-24 06:11:41] 💾 持仓已保存，总市值：110932.84 元
[2026-06-24 06:11:41] 📄 HTML报告已生成：/workspace/stock_sim/report.html
[2026-06-24 06:11:41] ============================================================
[2026-06-24 06:11:41] ✅ 执行完成
[2026-06-24 06:11:41] ============================================================
[2026-06-24 06:11:41] ❌ 邮件发送失败：name 'body' is not defined
[2026-06-24 06:11:52] ============================================================
[2026-06-24 06:11:52] 🚀 模拟炒股系统启动（全自动模式 v2）
[2026-06-24 06:11:52] ============================================================
[2026-06-24 06:11:52] 📊 初始总资产记录：106984.24 元
[2026-06-24 06:11:52] 📊 跟踪标的：['159558', '560390', '515050', '513130', '605117', '159915', '518880']
[2026-06-24 06:11:52] 🔄 正在获取实时价格...
[2026-06-24 06:11:53]   📈 159558 净值：3.6763
[2026-06-24 06:11:53]   📈 560390 净值：1.1214
[2026-06-24 06:11:53]   📈 515050 净值：1.3416
[2026-06-24 06:11:54]   📈 513130 净值：0.5554
[2026-06-24 06:11:54]   📈 605117 股价：101.44
[2026-06-24 06:11:54]   📈 159915 净值：4.2057
[2026-06-24 06:11:55]   📈 518880 净值：8.6025
[2026-06-24 06:11:55] 📊 获取到 7 个标的价格
[2026-06-24 06:11:55] 🔍 检查买入信号...
[2026-06-24 06:11:55] 👉 无买入信号
[2026-06-24 06:11:55] 🔍 检查卖出信号...
[2026-06-24 06:11:55] 👉 无卖出信号
[2026-06-24 06:11:55] ✅ 无交易执行，市场观望中
[2026-06-24 06:11:55] 💾 持仓已保存，总市值：110932.84 元
[2026-06-24 06:11:55] 📄 HTML报告已生成：/workspace/stock_sim/report.html
[2026-06-24 06:11:55] ============================================================
[2026-06-24 06:11:55] ✅ 执行完成
[2026-06-24 06:11:55] ============================================================
[2026-06-24 06:11:55] 📧 邮件报告已发送至 gaohuag@126.com
[2026-06-24 06:30:43] ============================================================
[2026-06-24 06:30:43] 🚀 模拟炒股系统启动（全自动模式 v2）
[2026-06-24 06:30:43] ============================================================
[2026-06-24 06:30:43] 📊 初始总资产记录：106984.24 元
[2026-06-24 06:30:43] 📊 跟踪标的：['159558', '560390', '515050', '513130', '605117', '159915', '518880']
[2026-06-24 06:30:43] 🔄 正在获取实时价格...
[2026-06-24 06:30:44]   📈 159558 净值：3.6763
[2026-06-24 06:30:44]   📈 560390 净值：1.1214
[2026-06-24 06:30:44]   📈 515050 净值：1.3416
[2026-06-24 06:30:45]   📈 513130 净值：0.5554
[2026-06-24 06:30:45]   📈 605117 股价：101.44
[2026-06-24 06:30:45]   📈 159915 净值：4.2057
[2026-06-24 06:30:46]   📈 518880 净值：8.612
[2026-06-24 06:30:46] 📊 获取到 7 个标的价格
[2026-06-24 06:30:46] 🔍 检查买入信号...
[2026-06-24 06:30:46] 👉 无买入信号
[2026-06-24 06:30:46] 🔍 检查卖出信号...
[2026-06-24 06:30:46] 👉 无卖出信号
[2026-06-24 06:30:46] ✅ 无交易执行，市场观望中
[2026-06-24 06:30:46] 💾 持仓已保存，总市值：110932.84 元
[2026-06-24 06:30:46] 📄 HTML报告已生成：/workspace/stock_sim/report.html
[2026-06-24 06:30:46] ============================================================
[2026-06-24 06:30:46] ✅ 执行完成
[2026-06-24 06:30:46] ============================================================
[2026-06-24 06:30:47] 📧 邮件报告已发送至 gaohuag@126.com
[2026-06-23 23:25:21] ============================================================
[2026-06-23 23:25:21] 🚀 模拟炒股系统启动（全自动模式 v2）
[2026-06-23 23:25:21] ============================================================
[2026-06-23 23:25:21] 📊 初始总资产记录：106984.24 元
[2026-06-23 23:25:21] 📊 跟踪标的：['159558', '560390', '515050', '513130', '605117', '159915', '518880']
[2026-06-23 23:25:21] 🔄 正在获取实时价格...
[2026-06-23 23:25:23]   📈 159558 净值：3.6763
[2026-06-23 23:25:24]   📈 560390 净值：1.1214
[2026-06-23 23:25:25]   📈 515050 净值：1.3416
[2026-06-23 23:25:26]   📈 513130 净值：0.5554
[2026-06-23 23:25:27]   📈 605117 股价：101.44
[2026-06-23 23:25:28]   📈 159915 净值：4.2057
[2026-06-23 23:25:29]   📈 518880 净值：8.612
[2026-06-23 23:25:29] 📊 获取到 7 个标的价格
[2026-06-23 23:25:29] 🔍 检查买入信号...
[2026-06-23 23:25:29] 👉 无买入信号
[2026-06-23 23:25:29] 🔍 检查卖出信号...
[2026-06-23 23:25:29] 👉 无卖出信号
[2026-06-23 23:25:29] ✅ 无交易执行，市场观望中
[2026-06-23 23:25:29] 💾 持仓已保存，总市值：110932.84 元
[2026-06-23 23:25:29] 📄 HTML报告已生成：/home/runner/work/stock_sim/stock_sim/report.html
[2026-06-23 23:25:29] ============================================================
[2026-06-23 23:25:29] ✅ 执行完成
[2026-06-23 23:25:29] ============================================================
[2026-06-23 23:25:32] 📧 邮件报告已发送至 gaohuag@126.com
[2026-06-24 05:12:30] ============================================================
[2026-06-24 05:12:30] 🚀 模拟炒股系统启动（全自动模式 v2）
[2026-06-24 05:12:30] ============================================================
[2026-06-24 05:12:30] 📊 初始总资产记录：106984.24 元
[2026-06-24 05:12:30] 📊 跟踪标的：['159558', '560390', '515050', '513130', '605117', '159915', '518880']
[2026-06-24 05:12:30] 🔄 正在获取实时价格...
[2026-06-24 05:12:32]   📈 159558 净值：3.8556
[2026-06-24 05:12:33]   📈 560390 净值：1.1087
[2026-06-24 05:12:34]   📈 515050 净值：1.3631
[2026-06-24 05:12:35]   📈 513130 净值：0.5609
[2026-06-24 05:12:36]   📈 605117 股价：99.74
[2026-06-24 05:12:38]   📈 159915 净值：4.2223
[2026-06-24 05:12:39]   📈 518880 净值：8.4691
[2026-06-24 05:12:39] 📊 获取到 7 个标的价格
[2026-06-24 05:12:39] 🔍 检查买入信号...
[2026-06-24 05:12:39] 📈 发现 1 个买入信号
[2026-06-24 05:12:39] 🔍 检查卖出信号...
[2026-06-24 05:12:39] 👉 无卖出信号
[2026-06-24 05:12:39] ⚡ 执行 1 笔交易...
[2026-06-24 05:12:39] ✅ 买入 518880 黄金ETF华夏：600股 @ 8.4691，金额5081.46｜回踩买入：价格8.4691（触发价8.5）
[2026-06-24 05:12:39] 💾 持仓已保存，总市值：111876.71 元
[2026-06-24 05:12:39] 📄 HTML报告已生成：/home/runner/work/stock_sim/stock_sim/report.html
[2026-06-24 05:12:39] ============================================================
[2026-06-24 05:12:39] ✅ 执行完成
[2026-06-24 05:12:39] ============================================================
[2026-06-24 05:12:42] 📧 邮件报告已发送至 gaohuag@126.com
[2026-06-24 10:26:37] ============================================================
[2026-06-24 10:26:37] 🚀 模拟炒股系统启动（全自动模式 v2）
[2026-06-24 10:26:37] ============================================================
[2026-06-24 10:26:37] 📊 初始总资产记录：106982.72 元
[2026-06-24 10:26:37] 📊 跟踪标的：['159558', '560390', '515050', '513130', '605117', '159915', '518880']
[2026-06-24 10:26:37] 🔄 正在获取实时价格...
[2026-06-24 10:26:39]   📈 159558 净值：3.8766
[2026-06-24 10:26:40]   📈 560390 净值：1.1169
[2026-06-24 10:26:41]   📈 515050 净值：1.3847
[2026-06-24 10:26:43]   📈 513130 净值：0.5639
[2026-06-24 10:26:44]   📈 605117 股价：99.75
[2026-06-24 10:26:46]   📈 159915 净值：4.2656
[2026-06-24 10:26:47]   📈 518880 净值：8.5204
[2026-06-24 10:26:47] 📊 获取到 7 个标的价格
[2026-06-24 10:26:47] 🔍 检查买入信号...
[2026-06-24 10:26:47] 👉 无买入信号
[2026-06-24 10:26:47] 🔍 检查卖出信号...
[2026-06-24 10:26:47] 👉 无卖出信号
[2026-06-24 10:26:47] ✅ 无交易执行，市场观望中
[2026-06-24 10:26:47] 💾 持仓已保存，总市值：112163.55 元
[2026-06-24 10:26:47] 📄 HTML报告已生成：/home/runner/work/stock_sim/stock_sim/report.html
[2026-06-24 10:26:47] ============================================================
[2026-06-24 10:26:47] ✅ 执行完成
[2026-06-24 10:26:47] ============================================================
[2026-06-24 10:26:51] 📧 邮件报告已发送至 gaohuag@126.com
[2026-06-25 05:32:54] ============================================================
[2026-06-25 05:32:54] 🚀 模拟炒股系统启动（全自动模式 v2）
[2026-06-25 05:32:54] ============================================================
[2026-06-25 05:32:54] 📊 初始总资产记录：106982.72 元
[2026-06-25 05:32:54] 📊 跟踪标的：['159558', '560390', '515050', '513130', '605117', '159915', '518880', '562800']
[2026-06-25 05:32:54] 🔄 正在获取实时价格...
[2026-06-25 05:32:56]   📈 159558 净值：3.9736
[2026-06-25 05:32:57]   📈 560390 净值：1.1274
[2026-06-25 05:32:58]   📈 515050 净值：1.4206
[2026-06-25 05:33:00]   📈 513130 净值：0.5559
[2026-06-25 05:33:01]   📈 605117 股价：99.65
[2026-06-25 05:33:02]   📈 159915 净值：4.3514
[2026-06-25 05:33:04]   📈 518880 净值：8.3163
[2026-06-25 05:33:05]   📈 562800 净值：1.1763
[2026-06-25 05:33:05] 📊 获取到 8 个标的价格
[2026-06-25 05:33:05] 🔍 检查买入信号...
[2026-06-25 05:33:05] 👉 无买入信号
[2026-06-25 05:33:05] 🔍 检查卖出信号...
[2026-06-25 05:33:05] 👉 无卖出信号
[2026-06-25 05:33:05] ✅ 无交易执行，市场观望中
[2026-06-25 05:33:05] 💾 持仓已保存，总市值：112706.74 元
[2026-06-25 05:33:05] 📄 HTML报告已生成：/home/runner/work/stock_sim/stock_sim/report.html
[2026-06-25 05:33:05] ============================================================
[2026-06-25 05:33:05] ✅ 执行完成
[2026-06-25 05:33:05] ============================================================
[2026-06-25 05:33:09] 📧 邮件报告已发送至 gaohuag@126.com
[2026-06-25 10:18:33] ============================================================
[2026-06-25 10:18:33] 🚀 模拟炒股系统启动（全自动模式 v2）
[2026-06-25 10:18:33] ============================================================
[2026-06-25 10:18:33] 📊 初始总资产记录：106982.72 元
[2026-06-25 10:18:33] 📊 跟踪标的：['159558', '560390', '515050', '513130', '605117', '159915', '518880', '562800']
[2026-06-25 10:18:33] 🔄 正在获取实时价格...
[2026-06-25 10:18:34]   📈 159558 净值：3.9922
[2026-06-25 10:18:35]   📈 560390 净值：1.1316
[2026-06-25 10:18:36]   📈 515050 净值：1.4366
[2026-06-25 10:18:37]   📈 513130 净值：0.5566
[2026-06-25 10:18:38]   📈 605117 股价：99.32
[2026-06-25 10:18:39]   📈 159915 净值：4.3877
[2026-06-25 10:18:40]   📈 518880 净值：8.3349
[2026-06-25 10:18:41]   📈 562800 净值：1.1706
[2026-06-25 10:18:41] 📊 获取到 8 个标的价格
[2026-06-25 10:18:41] 🔍 检查买入信号...
[2026-06-25 10:18:41] 👉 无买入信号
[2026-06-25 10:18:41] 🔍 检查卖出信号...
[2026-06-25 10:18:41] 👉 无卖出信号
[2026-06-25 10:18:41] ✅ 无交易执行，市场观望中
[2026-06-25 10:18:41] 💾 持仓已保存，总市值：112890.26 元
[2026-06-25 10:18:41] 📄 HTML报告已生成：/home/runner/work/stock_sim/stock_sim/report.html
[2026-06-25 10:18:41] ============================================================
[2026-06-25 10:18:41] ✅ 执行完成
[2026-06-25 10:18:41] ============================================================
[2026-06-25 10:18:43] 📧 邮件报告已发送至 gaohuag@126.com
[2026-06-26 05:39:13] ============================================================
[2026-06-26 05:39:13] 🚀 模拟炒股系统启动（全自动模式 v2）
[2026-06-26 05:39:13] ============================================================
[2026-06-26 05:39:13] 📊 初始总资产记录：106982.72 元
[2026-06-26 05:39:13] 📊 跟踪标的：['159558', '560390', '515050', '513130', '605117', '159915', '518880', '562800']
[2026-06-26 05:39:13] 🔄 正在获取实时价格...
[2026-06-26 05:39:15]   📈 159558 净值：4.1531
[2026-06-26 05:39:17]   📈 560390 净值：1.0811
[2026-06-26 05:39:18]   📈 515050 净值：1.3675
[2026-06-26 05:39:19]   📈 513130 净值：0.5414
[2026-06-26 05:39:21]   📈 605117 股价：97.5
[2026-06-26 05:39:22]   📈 159915 净值：4.2554
[2026-06-26 05:39:24]   📈 518880 净值：8.3607
[2026-06-26 05:39:25]   📈 562800 净值：1.1243
[2026-06-26 05:39:25] 📊 获取到 8 个标的价格
[2026-06-26 05:39:25] 🔍 检查买入信号...
[2026-06-26 05:39:25] 📈 发现 2 个买入信号
[2026-06-26 05:39:25] 🔍 检查卖出信号...
[2026-06-26 05:39:25] 📉 发现 1 个卖出信号
[2026-06-26 05:39:25] ⚡ 执行 3 笔交易...
[2026-06-26 05:39:25] ✅ 买入 560390 电网设备ETF易方达：12800股 @ 1.0811，金额13838.08｜回踩买入：价格1.0811（触发价1.1）
[2026-06-26 05:39:25] ✅ 买入 605117 德业股份：100股 @ 97.5000，金额9750.00｜追涨买入：价格97.5000（触发价95.0）
[2026-06-26 05:39:25] ✅ 卖出 159558 半导体设备ETF易方达：3000股 @ 4.1531，金额12459.30｜🎯 止盈！价格4.1531触及目标价4.0（成本2.9258，盈利+41.9%）
[2026-06-26 05:39:25] 💾 持仓已保存，总市值：113069.81 元
[2026-06-26 05:39:25] 📄 HTML报告已生成：/home/runner/work/stock_sim/stock_sim/report.html
[2026-06-26 05:39:25] ============================================================
[2026-06-26 05:39:25] ✅ 执行完成
[2026-06-26 05:39:25] ============================================================
[2026-06-26 05:39:29] 📧 邮件报告已发送至 gaohuag@126.com
[2026-06-26 10:26:30] ============================================================
[2026-06-26 10:26:30] 🚀 模拟炒股系统启动（全自动模式 v2）
[2026-06-26 10:26:30] ============================================================
[2026-06-26 10:26:30] 📊 初始总资产记录：110640.40 元
[2026-06-26 10:26:30] 📊 跟踪标的：['159558', '560390', '515050', '513130', '605117', '159915', '518880', '562800']
[2026-06-26 10:26:30] 🔄 正在获取实时价格...
[2026-06-26 10:26:32]   📈 159558 净值：4.1355
[2026-06-26 10:26:33]   📈 560390 净值：1.072
[2026-06-26 10:26:43]   ⚠️ 515050 净值获取失败
[2026-06-26 10:26:44]   📈 513130 净值：0.5387
[2026-06-26 10:26:45]   📈 605117 股价：96.49
[2026-06-26 10:26:47]   📈 159915 净值：4.2093
[2026-06-26 10:26:57]   ⚠️ 518880 净值获取失败
[2026-06-26 10:26:58]   📈 562800 净值：1.113
[2026-06-26 10:26:59] 📊 获取到 6 个标的价格
[2026-06-26 10:26:59] 🔍 检查买入信号...
[2026-06-26 10:26:59] 👉 无买入信号
[2026-06-26 10:26:59] 🔍 检查卖出信号...
[2026-06-26 10:26:59] 📉 发现 1 个卖出信号
[2026-06-26 10:26:59] ⚡ 执行 1 笔交易...
[2026-06-26 10:26:59] ✅ 卖出 159558 半导体设备ETF易方达：1500股 @ 4.1355，金额6203.25｜🎯 止盈！价格4.1355触及目标价4.0（成本2.9258，盈利+41.3%）
[2026-06-26 10:26:59] 💾 持仓已保存，总市值：112716.58 元
[2026-06-26 10:26:59] 📄 HTML报告已生成：/home/runner/work/stock_sim/stock_sim/report.html
[2026-06-26 10:26:59] ============================================================
[2026-06-26 10:26:59] ✅ 执行完成
[2026-06-26 10:26:59] ============================================================
[2026-06-26 10:27:01] 📧 邮件报告已发送至 gaohuag@126.com
[2026-06-29 06:08:12] ============================================================
[2026-06-29 06:08:12] 🚀 模拟炒股系统启动（全自动模式 v2）
[2026-06-29 06:08:12] ============================================================
[2026-06-29 06:08:12] 📊 初始总资产记录：112446.89 元
[2026-06-29 06:08:12] 📊 跟踪标的：['159558', '560390', '515050', '513130', '605117', '159915', '518880', '562800']
[2026-06-29 06:08:12] 🔄 正在获取实时价格...
[2026-06-29 06:08:14]   📈 159558 净值：4.3773
[2026-06-29 06:08:15]   📈 560390 净值：1.0601
[2026-06-29 06:08:16]   📈 515050 净值：1.3294
[2026-06-29 06:08:18]   📈 513130 净值：0.5536
[2026-06-29 06:08:19]   📈 605117 股价：103.98
[2026-06-29 06:08:21]   📈 159915 净值：4.2206
[2026-06-29 06:08:22]   📈 518880 净值：8.448
[2026-06-29 06:08:24]   📈 562800 净值：1.1202
[2026-06-29 06:08:24] 📊 获取到 8 个标的价格
[2026-06-29 06:08:24] 🔍 检查买入信号...
[2026-06-29 06:08:24] 👉 无买入信号
[2026-06-29 06:08:24] 🔍 检查卖出信号...
[2026-06-29 06:08:24] 📉 发现 1 个卖出信号
[2026-06-29 06:08:24] ⚡ 执行 1 笔交易...
[2026-06-29 06:08:24] ✅ 卖出 159558 半导体设备ETF易方达：700股 @ 4.3773，金额3064.11｜🎯 止盈！价格4.3773触及目标价4.0（成本2.9258，盈利+49.6%）
[2026-06-29 06:08:24] 💾 持仓已保存，总市值：113605.35 元
[2026-06-29 06:08:24] 📄 HTML报告已生成：/home/runner/work/stock_sim/stock_sim/report.html
[2026-06-29 06:08:24] ============================================================
[2026-06-29 06:08:24] ✅ 执行完成
[2026-06-29 06:08:24] ============================================================
[2026-06-29 06:08:27] 📧 邮件报告已发送至 gaohuag@126.com
[2026-06-29 12:04:44] ============================================================
[2026-06-29 12:04:44] 🚀 模拟炒股系统启动（全自动模式 v2）
[2026-06-29 12:04:44] ============================================================
[2026-06-29 12:04:44] 📊 初始总资产记录：113458.96 元
[2026-06-29 12:04:44] 📊 跟踪标的：['159558', '560390', '515050', '513130', '605117', '159915', '518880', '562800']
[2026-06-29 12:04:44] 🔄 正在获取实时价格...
[2026-06-29 12:04:49]   📈 159558 净值：4.472
[2026-06-29 12:04:50]   📈 560390 净值：1.0611
[2026-06-29 12:04:52]   📈 515050 净值：1.3358
[2026-06-29 12:04:53]   📈 513130 净值：0.5537
[2026-06-29 12:04:54]   📈 605117 股价：104.27
[2026-06-29 12:04:55]   📈 159915 净值：4.2324
[2026-06-29 12:04:57]   📈 518880 净值：8.3916
[2026-06-29 12:04:58]   📈 562800 净值：1.1242
[2026-06-29 12:04:58] 📊 获取到 8 个标的价格
[2026-06-29 12:04:58] 🔍 检查买入信号...
[2026-06-29 12:04:58] 👉 无买入信号
[2026-06-29 12:04:58] 🔍 检查卖出信号...
[2026-06-29 12:04:58] 📉 发现 1 个卖出信号
[2026-06-29 12:04:58] ⚡ 执行 1 笔交易...
[2026-06-29 12:04:58] ✅ 卖出 159558 半导体设备ETF易方达：400股 @ 4.4720，金额1788.80｜🎯 止盈！价格4.4720触及目标价4.0（成本2.9258，盈利+52.8%）
[2026-06-29 12:04:58] 💾 持仓已保存，总市值：113700.74 元
[2026-06-29 12:04:58] 📄 HTML报告已生成：/home/runner/work/stock_sim/stock_sim/report.html
[2026-06-29 12:04:58] ============================================================
[2026-06-29 12:04:58] ✅ 执行完成
[2026-06-29 12:04:58] ============================================================
[2026-06-29 12:05:01] 📧 邮件报告已发送至 gaohuag@126.com
[2026-06-30 05:35:17] ============================================================
[2026-06-30 05:35:17] 🚀 模拟炒股系统启动（全自动模式 v2）
[2026-06-30 05:35:17] ============================================================
[2026-06-30 05:35:17] 📊 初始总资产记录：114075.11 元
[2026-06-30 05:35:17] 📊 跟踪标的：['159558', '560390', '515050', '513130', '605117', '159915', '518880', '562800']
[2026-06-30 05:35:17] 🔄 正在获取实时价格...
[2026-06-30 05:35:19]   📈 159558 净值：4.5698
[2026-06-30 05:35:20]   📈 560390 净值：1.0693
[2026-06-30 05:35:21]   📈 515050 净值：1.3971
[2026-06-30 05:35:22]   📈 513130 净值：0.5595
[2026-06-30 05:35:24]   📈 605117 股价：105.31
[2026-06-30 05:35:25]   📈 159915 净值：4.3569
[2026-06-30 05:35:26]   📈 518880 净值：8.2764
[2026-06-30 05:35:27]   📈 562800 净值：1.1268
[2026-06-30 05:35:28] 📊 获取到 8 个标的价格
[2026-06-30 05:35:28] 🔍 检查买入信号...
[2026-06-30 05:35:28] 👉 无买入信号
[2026-06-30 05:35:28] 🔍 检查卖出信号...
[2026-06-30 05:35:28] 📉 发现 1 个卖出信号
[2026-06-30 05:35:28] ⚡ 执行 1 笔交易...
[2026-06-30 05:35:28] ✅ 卖出 159558 半导体设备ETF易方达：200股 @ 4.5698，金额913.96｜🎯 止盈！价格4.5698触及目标价4.0（成本2.9258，盈利+56.2%）
[2026-06-30 05:35:28] 💾 持仓已保存，总市值：114028.17 元
[2026-06-30 05:35:28] 📄 HTML报告已生成：/home/runner/work/stock_sim/stock_sim/report.html
[2026-06-30 05:35:28] ============================================================
[2026-06-30 05:35:28] ✅ 执行完成
[2026-06-30 05:35:28] ============================================================
[2026-06-30 05:35:31] 📧 邮件报告已发送至 gaohuag@126.com
[2026-06-30 10:34:53] ============================================================
[2026-06-30 10:34:53] 🚀 模拟炒股系统启动（全自动模式 v2）
[2026-06-30 10:34:53] ============================================================
[2026-06-30 10:34:53] 📊 初始总资产记录：114402.72 元
[2026-06-30 10:34:53] 📊 跟踪标的：['159558', '560390', '515050', '513130', '605117', '159915', '518880', '562800']
[2026-06-30 10:34:53] 🔄 正在获取实时价格...
[2026-06-30 10:34:54]   📈 159558 净值：4.5903
[2026-06-30 10:34:56]   📈 560390 净值：1.0722
[2026-06-30 10:34:57]   📈 515050 净值：1.3953
[2026-06-30 10:34:59]   📈 513130 净值：0.5628
[2026-06-30 10:35:00]   📈 605117 股价：106.18
[2026-06-30 10:35:01]   📈 159915 净值：4.3595
[2026-06-30 10:35:03]   📈 518880 净值：8.3729
[2026-06-30 10:35:04]   📈 562800 净值：1.1397
[2026-06-30 10:35:05] 📊 获取到 8 个标的价格
[2026-06-30 10:35:05] 🔍 检查买入信号...
[2026-06-30 10:35:05] 👉 无买入信号
[2026-06-30 10:35:05] 🔍 检查卖出信号...
[2026-06-30 10:35:05] 📉 发现 1 个卖出信号
[2026-06-30 10:35:05] ⚡ 执行 1 笔交易...
[2026-06-30 10:35:05] ✅ 卖出 159558 半导体设备ETF易方达：100股 @ 4.5903，金额459.03｜🎯 止盈！价格4.5903触及目标价4.0（成本2.9258，盈利+56.9%）
[2026-06-30 10:35:05] 💾 持仓已保存，总市值：114275.37 元
[2026-06-30 10:35:05] 📄 HTML报告已生成：/home/runner/work/stock_sim/stock_sim/report.html
[2026-06-30 10:35:05] ============================================================
[2026-06-30 10:35:05] ✅ 执行完成
[2026-06-30 10:35:05] ============================================================
[2026-06-30 10:35:08] 📧 邮件报告已发送至 gaohuag@126.com
